[INFO ] 2023-10-22 18:22:42.390 [main] ProviderManagementV1 - url opened
[INFO ] 2023-10-22 18:22:42.441 [main] ProviderManagementV1 - /////////Creating New Bank Account for User\\\\\\\\
[INFO ] 2023-10-22 18:22:42.607 [main] ProviderManagementV1 - Enter User Name to login
[INFO ] 2023-10-22 18:22:45.827 [main] ProviderManagementV1 - Enter Password to login
[INFO ] 2023-10-22 18:22:50.335 [main] ProviderManagementV1 - Clicked on login button to login
[INFO ] 2023-10-22 18:22:53.749 [main] ProviderManagementV1 - Clicked on Open New Account link for creating an account for User
[INFO ] 2023-10-22 18:22:56.955 [main] ProviderManagementV1 - Selected the type of Account User wants to create
[INFO ] 2023-10-22 18:48:52.153 [main] ProviderManagementV1 - url opened
[INFO ] 2023-10-22 18:48:52.201 [main] ProviderManagementV1 - /////////Creating New Bank Account for User\\\\\\\\
[INFO ] 2023-10-22 18:48:52.432 [main] ProviderManagementV1 - Enter User Name to login
[INFO ] 2023-10-22 18:48:55.635 [main] ProviderManagementV1 - Enter Password to login
[INFO ] 2023-10-22 18:49:00.764 [main] ProviderManagementV1 - Clicked on login button to login
[INFO ] 2023-10-22 18:49:04.453 [main] ProviderManagementV1 - Clicked on Open New Account link for creating an account for User
[INFO ] 2023-10-22 18:49:07.675 [main] ProviderManagementV1 - Selected the type of Account User wants to create
[INFO ] 2023-10-22 19:58:38.723 [main] ProviderManagementV1 - url opened
[INFO ] 2023-10-22 19:58:41.389 [main] ProviderManagementV1 - /////////Creating New Bank Account for User\\\\\\\\
[INFO ] 2023-10-22 19:58:41.610 [main] ProviderManagementV1 - Enter User Name to login
[INFO ] 2023-10-22 19:58:44.750 [main] ProviderManagementV1 - Enter Password to login
[INFO ] 2023-10-22 19:58:50.160 [main] ProviderManagementV1 - Clicked on login button to login
[INFO ] 2023-10-22 19:58:53.575 [main] ProviderManagementV1 - Clicked on Open New Account link for creating an account for User
[INFO ] 2023-10-22 19:58:56.747 [main] ProviderManagementV1 - Selected the type of Account User wants to create
[INFO ] 2023-10-22 19:59:11.100 [main] ProviderManagementV1 - /////////Creating New Bank Account for User\\\\\\\\
